Using pre-set license
Built from '2020.3/staging' branch; Version is '2020.3.21f1 (a38c86f6690f) revision 10718342'; Using compiler version '192528614'; Build Type 'Release'
OS: 'Windows 10 Home China; OS build 19043.1348; Version 2009; 64bit' Language: 'zh' Physical Memory: 16021 MB
BatchMode: 1, IsHumanControllingUs: 0, StartBugReporterOnCrash: 0, Is64bit: 1, IsPro: 0

COMMAND LINE ARGUMENTS:
E:\unity\2020.3.21f1\Editor\Unity.exe
-adb2
-batchMode
-noUpm
-name
AssetImportWorker0
-projectPath
E:/teamgame/unityproject
-logFile
Logs/AssetImportWorker0.log
-srvPort
64132
Successfully changed project path to: E:/teamgame/unityproject
E:/teamgame/unityproject
Using Asset Import Pipeline V2.
Refreshing native plugins compatible for Editor in 33.97 ms, found 3 plugins.
Preloading 0 native plugins for Editor in 0.00 ms.
Initialize engine version: 2020.3.21f1 (a38c86f6690f)
[Subsystems] Discovering subsystems at path E:/unity/2020.3.21f1/Editor/Data/Resources/UnitySubsystems
[Subsystems] Discovering subsystems at path E:/teamgame/unityproject/Assets
GfxDevice: creating device client; threaded=0
Direct3D:
    Version:  Direct3D 11.0 [level 11.1]
    Renderer: NVIDIA GeForce RTX 3050 Laptop GPU (ID=0x25a2)
    Vendor:   
    VRAM:     3991 MB
    Driver:   30.0.14.7219
Initialize mono
Mono path[0] = 'E:/unity/2020.3.21f1/Editor/Data/Managed'
Mono path[1] = 'E:/unity/2020.3.21f1/Editor/Data/MonoBleedingEdge/lib/mono/unityjit'
Mono config path = 'E:/unity/2020.3.21f1/Editor/Data/MonoBleedingEdge/etc'
Using monoOptions --debugger-agent=transport=dt_socket,embedding=1,server=y,suspend=n,address=127.0.0.1:56116
Begin MonoManager ReloadAssembly
Registering precompiled unity dll's ...
Register platform support module: E:/unity/2020.3.21f1/Editor/Data/PlaybackEngines/WindowsStandaloneSupport/UnityEditor.WindowsStandalone.Extensions.dll
Registered in 0.000711 seconds.
Native extension for WindowsStandalone target not found
Refreshing native plugins compatible for Editor in 35.42 ms, found 3 plugins.
Preloading 0 native plugins for Editor in 0.00 ms.
Mono: successfully reloaded assembly
- Completed reload, in  0.675 seconds
Domain Reload Profiling:
	ReloadAssembly (675ms)
		BeginReloadAssembly (36ms)
			ExecutionOrderSort (0ms)
			DisableScriptedObjects (0ms)
			BackupInstance (0ms)
			ReleaseScriptingObjects (0ms)
			CreateAndSetChildDomain (1ms)
		EndReloadAssembly (319ms)
			LoadAssemblies (35ms)
			RebuildTransferFunctionScriptingTraits (0ms)
			SetupTypeCache (102ms)
			ReleaseScriptCaches (0ms)
			RebuildScriptCaches (22ms)
			SetupLoadedEditorAssemblies (127ms)
				LogAssemblyErrors (0ms)
				InitializePlatformSupportModulesInManaged (3ms)
				SetLoadedEditorAssemblies (0ms)
				RefreshPlugins (35ms)
				BeforeProcessingInitializeOnLoad (13ms)
				ProcessInitializeOnLoadAttributes (57ms)
				ProcessInitializeOnLoadMethodAttributes (19ms)
				AfterProcessingInitializeOnLoad (0ms)
				EditorAssembliesLoaded (0ms)
			ExecutionOrderSort2 (0ms)
			AwakeInstancesAfterBackupRestoration (0ms)
Platform modules already initialized, skipping
Registering precompiled user dll's ...
Registered in 0.002757 seconds.
Begin MonoManager ReloadAssembly
Native extension for WindowsStandalone target not found
Refreshing native plugins compatible for Editor in 33.13 ms, found 3 plugins.
Preloading 0 native plugins for Editor in 0.00 ms.
Mono: successfully reloaded assembly
- Completed reload, in  0.778 seconds
Domain Reload Profiling:
	ReloadAssembly (778ms)
		BeginReloadAssembly (99ms)
			ExecutionOrderSort (0ms)
			DisableScriptedObjects (3ms)
			BackupInstance (0ms)
			ReleaseScriptingObjects (0ms)
			CreateAndSetChildDomain (15ms)
		EndReloadAssembly (640ms)
			LoadAssemblies (63ms)
			RebuildTransferFunctionScriptingTraits (0ms)
			SetupTypeCache (208ms)
			ReleaseScriptCaches (0ms)
			RebuildScriptCaches (33ms)
			SetupLoadedEditorAssemblies (251ms)
				LogAssemblyErrors (0ms)
				InitializePlatformSupportModulesInManaged (3ms)
				SetLoadedEditorAssemblies (0ms)
				RefreshPlugins (33ms)
				BeforeProcessingInitializeOnLoad (53ms)
				ProcessInitializeOnLoadAttributes (147ms)
				ProcessInitializeOnLoadMethodAttributes (13ms)
				AfterProcessingInitializeOnLoad (2ms)
				EditorAssembliesLoaded (0ms)
			ExecutionOrderSort2 (0ms)
			AwakeInstancesAfterBackupRestoration (5ms)
Platform modules already initialized, skipping
========================================================================
Worker process is ready to serve import requests
Launched and connected shader compiler UnityShaderCompiler.exe after 0.03 seconds
Refreshing native plugins compatible for Editor in 0.40 ms, found 3 plugins.
Preloading 0 native plugins for Editor in 0.00 ms.
Unloading 2183 Unused Serialized files (Serialized files now loaded: 0)
System memory in use before: 97.9 MB.
System memory in use after: 98.0 MB.

Unloading 28 unused Assets to reduce memory usage. Loaded Objects now: 2616.
Total: 2.616500 ms (FindLiveObjects: 0.128900 ms CreateObjectMapping: 0.036100 ms MarkObjects: 2.382100 ms  DeleteObjects: 0.068600 ms)

AssetImportParameters requested are different than current active one (requested -> active):
  custom:framework-win-MediaFoundation: 216162199b28c13a410421893ffa2e32 -> 
  custom:video-decoder-ogg-theora: a1e56fd34408186e4bbccfd4996cb3dc -> 
  custom:container-muxer-webm: aa71ff27fc2769a1b78a27578f13a17b -> 
  custom:container-demuxer-webm: 4f35f7cbe854078d1ac9338744f61a02 -> 
  custom:container-demuxer-ogg: 62fdf1f143b41e24485cea50d1cbac27 -> 
  custom:video-encoder-webm-vp8: eb34c28f22e8b96e1ab97ce403110664 -> 
  custom:video-codec-MediaFoundation-h265: 746d11721c4dcdbdad8f713fa42b33f4 -> 
  custom:video-decoder-webm-vp8: 9c59270c3fd7afecdb556c50c9e8de78 -> 
  custom:audio-decoder-ogg-vorbis: bf7c407c2cedff20999df2af8eb42d56 -> 
  custom:audio-encoder-webm-vorbis: bf7c407c2cedff20999df2af8eb42d56 -> 
========================================================================
Received Import Request.
  path: Assets/player 1
  artifactKey: Guid(365a95c66143ae045860f3867717bb4b) Importer(815301076,1909f56bfc062723c751e8b465ee728b)
Start importing Assets/player 1 using Guid(365a95c66143ae045860f3867717bb4b) Importer(815301076,1909f56bfc062723c751e8b465ee728b)  -> (artifact id: 'a67f4ea854b69211f02a70ba65428f4e') in 0.004784 seconds 
  Import took 0.007419 seconds .

========================================================================
Received Import Request.
  Time since last request: 50.525454 seconds.
  path: Assets/player 1/6NT%)AP@EZZBW46YGXC6%NP.jpg
  artifactKey: Guid(5fef6d8e83dae5543a8b571ef981011f) Importer(815301076,1909f56bfc062723c751e8b465ee728b)
Start importing Assets/player 1/6NT%)AP@EZZBW46YGXC6%NP.jpg using Guid(5fef6d8e83dae5543a8b571ef981011f) Importer(815301076,1909f56bfc062723c751e8b465ee728b)  -> (artifact id: '274e349346ff39840acf5ef170c8aff7') in 0.068780 seconds 
  Import took 0.071778 seconds .

========================================================================
Received Import Request.
  Time since last request: 0.000224 seconds.
  path: Assets/player 1/DD`}4ZJBOE8P(%]IKHBN{3B.jpg
  artifactKey: Guid(d4ce69ff2b905a347a5a4d1eb9d16641) Importer(815301076,1909f56bfc062723c751e8b465ee728b)
Start importing Assets/player 1/DD`}4ZJBOE8P(%]IKHBN{3B.jpg using Guid(d4ce69ff2b905a347a5a4d1eb9d16641) Importer(815301076,1909f56bfc062723c751e8b465ee728b)  -> (artifact id: '1e61daa78568584e833a2ea06b0a9110') in 0.015290 seconds 
  Import took 0.018084 seconds .

========================================================================
Received Import Request.
  Time since last request: 0.000200 seconds.
  path: Assets/player 1/}FX4XT395($7CP51{MP}DTM.jpg
  artifactKey: Guid(af5fea7c660dd7146b3dfbb5749a8049) Importer(815301076,1909f56bfc062723c751e8b465ee728b)
Start importing Assets/player 1/}FX4XT395($7CP51{MP}DTM.jpg using Guid(af5fea7c660dd7146b3dfbb5749a8049) Importer(815301076,1909f56bfc062723c751e8b465ee728b)  -> (artifact id: '14345a088f157b6a30aca1f2d1500a25') in 0.019853 seconds 
  Import took 0.022594 seconds .

========================================================================
Received Import Request.
  Time since last request: 0.000161 seconds.
  path: Assets/player 1/376U7QWL[_OXJ8~_[69{[%D.jpg
  artifactKey: Guid(c69688dd49d8f2545ae4f67c0cd811cb) Importer(815301076,1909f56bfc062723c751e8b465ee728b)
Start importing Assets/player 1/376U7QWL[_OXJ8~_[69{[%D.jpg using Guid(c69688dd49d8f2545ae4f67c0cd811cb) Importer(815301076,1909f56bfc062723c751e8b465ee728b)  -> (artifact id: 'a52bbb790e78df7a00b5acd380fabfea') in 0.015224 seconds 
  Import took 0.018115 seconds .

========================================================================
Received Import Request.
  Time since last request: 0.000150 seconds.
  path: Assets/player 1/R5Z`14$6)`DMXKYC%LZA$HW.jpg
  artifactKey: Guid(44b7f27ffe1b29c40b5b55bf6f868d93) Importer(815301076,1909f56bfc062723c751e8b465ee728b)
Start importing Assets/player 1/R5Z`14$6)`DMXKYC%LZA$HW.jpg using Guid(44b7f27ffe1b29c40b5b55bf6f868d93) Importer(815301076,1909f56bfc062723c751e8b465ee728b)  -> (artifact id: '6e476ec7d526c97a5276dc1789b228a4') in 0.017436 seconds 
  Import took 0.020298 seconds .

========================================================================
Received Import Request.
  Time since last request: 0.000168 seconds.
  path: Assets/player 1/{B`L@L`NWRKY~X}BOEHH7[J.jpg
  artifactKey: Guid(3d3cd373cf88a8d47b091d301ed91e44) Importer(815301076,1909f56bfc062723c751e8b465ee728b)
Start importing Assets/player 1/{B`L@L`NWRKY~X}BOEHH7[J.jpg using Guid(3d3cd373cf88a8d47b091d301ed91e44) Importer(815301076,1909f56bfc062723c751e8b465ee728b)  -> (artifact id: '0e34f2501e17f539a4e622be5b4102b8') in 0.017987 seconds 
  Import took 0.020644 seconds .

AssetImportWorkerClient::OnTransportError - code=2 error=End of file
